<?xml version="1.0" encoding="UTF-8"?>
<testsuite xmlns:xsi="http://www.w3.org/2001/XMLSchema-instance" xsi:noNamespaceSchemaLocation="https://maven.apache.org/surefire/maven-surefire-plugin/xsd/surefire-test-report.xsd" name="com.mkyong.examples.TestStockService" time="0.005" tests="9" errors="0" skipped="0" failures="0">
  <properties>
[...]
</properties>
  <testcase name="testAdd" classname="com.mkyong.examples.TestStockService" time="0"/>
  <testcase name="testAdd1" classname="com.mkyong.examples.TestStockService" time="0"/>
  <testcase name="testAdd2" classname="com.mkyong.examples.TestStockService" time="0"/>
  <testcase name="testAdd3" classname="com.mkyong.examples.TestStockService" time="0"/>
  <testcase name="testAdd4" classname="com.mkyong.examples.TestStockService" time="0"/>
  <testcase name="testAdd5" classname="com.mkyong.examples.TestStockService" time="0"/>
  <testcase name="testAdd6" classname="com.mkyong.examples.TestStockService" time="0"/>
  <testcase name="testAdd7" classname="com.mkyong.examples.TestStockService" time="0.001"/>
  <testcase name="testDeduct" classname="com.mkyong.examples.TestStockService" time="0.001"/>
</testsuite>